<?xml version="1.0" encoding="UTF-8"?>
<testng-results skipped="0" failed="0" total="1" passed="1">
  <reporter-output>
  </reporter-output>
  <suite name="Default suite" duration-ms="42" started-at="2021-12-10T07:36:16Z" finished-at="2021-12-10T07:36:16Z">
    <groups>
    </groups>
    <test name="Default test" duration-ms="42" started-at="2021-12-10T07:36:16Z" finished-at="2021-12-10T07:36:16Z">
      <class name="maven.Maven_Practise_Test">
        <test-method status="PASS" signature="MavenPractise()[pri:0, instance:maven.Maven_Practise_Test@77cd7a0]" name="MavenPractise" duration-ms="12" started-at="2021-12-10T13:06:16Z" finished-at="2021-12-10T13:06:16Z">
          <reporter-output>
          </reporter-output>
        </test-method> <!-- MavenPractise -->
      </class> <!-- maven.Maven_Practise_Test -->
    </test> <!-- Default test -->
  </suite> <!-- Default suite -->
</testng-results>
